INFO:pygls.server:Starting TCP server on 127.0.0.1:2087
DEBUG:pygls.protocol:Received bytearray(b'Content-Length: 4697\r\n\r\n')
DEBUG:pygls.protocol:Received bytearray(b'{"jsonrpc":"2.0","id":0,"method":"initialize","params":{"processId":15712,"clientInfo":{"name":"Visual Studio Code","version":"1.74.1"},"locale":"en-us","rootPath":"d:\\\\Projects\\\\VsCodeProjects\\\\TEst","rootUri":"file:///d%3A/Projects/VsCodeProjects/TEst","capabilities":{"workspace":{"applyEdit":true,"workspaceEdit":{"documentChanges":true,"resourceOperations":["create","rename","delete"],"failureHandling":"textOnlyTransactional","normalizesLineEndings":true,"changeAnnotationSupport":{"groupsOnLabel":true}},"didChangeConfiguration":{"dynamicRegistration":true},"didChangeWatchedFiles":{"dynamicRegistration":true},"symbol":{"dynamicRegistration":true,"symbolKind":{"valueSet":[1,2,3,4,5,6,7,8,9,10,11,12,13,14,15,16,17,18,19,20,21,22,23,24,25,26]},"tagSupport":{"valueSet":[1]}},"codeLens":{"refreshSupport":true},"executeCommand":{"dynamicRegistration":true},"configuration":true,"workspaceFolders":true,"semanticTokens":{"refreshSupport":true},"fileOperations":{"dynamicRegistration":true,"didCreate":true,"didRename":true,"didDelete":true,"willCreate":true,"willRename":true,"willDelete":true}},"textDocument":{"publishDiagnostics":{"relatedInformation":true,"versionSupport":false,"tagSupport":{"valueSet":[1,2]},"codeDescriptionSupport":true,"dataSupport":true},"synchronization":{"dynamicRegistration":true,"willSave":true,"willSaveWaitUntil":true,"didSave":true},"completion":{"dynamicRegistration":true,"contextSupport":true,"completionItem":{"snippetSupport":true,"commitCharactersSupport":true,"documentationFormat":["markdown","plaintext"],"deprecatedSupport":true,"preselectSupport":true,"tagSupport":{"valueSet":[1]},"insertReplaceSupport":true,"resolveSupport":{"properties":["documentation","detail","additionalTextEdits"]},"insertTextModeSupport":{"valueSet":[1,2]}},"completionItemKind":{"valueSet":[1,2,3,4,5,6,7,8,9,10,11,12,13,14,15,16,17,18,19,20,21,22,23,24,25]}},"hover":{"dynamicRegistration":true,"contentFormat":["markdown","plaintext"]},"signatureHelp":{"dynamicRegistration":true,"signatureInformation":{"documentationFormat":["markdown","plaintext"],"parameterInformation":{"labelOffsetSupport":true},"activeParameterSupport":true},"contextSupport":true},"definition":{"dynamicRegistration":true,"linkSupport":true},"references":{"dynamicRegistration":true},"documentHighlight":{"dynamicRegistration":true},"documentSymbol":{"dynamicRegistration":true,"symbolKind":{"valueSet":[1,2,3,4,5,6,7,8,9,10,11,12,13,14,15,16,17,18,19,20,21,22,23,24,25,26]},"hierarchicalDocumentSymbolSupport":true,"tagSupport":{"valueSet":[1]},"labelSupport":true},"codeAction":{"dynamicRegistration":true,"isPreferredSupport":true,"disabledSupport":true,"dataSupport":true,"resolveSupport":{"properties":["edit"]},"codeActionLiteralSupport":{"codeActionKind":{"valueSet":["","quickfix","refactor","refactor.extract","refactor.inline","refactor.rewrite","source","source.organizeImports"]}},"honorsChangeAnnotations":false},"codeLens":{"dynamicRegistration":true},"formatting":{"dynamicRegistration":true},"rangeFormatting":{"dynamicRegistration":true},"onTypeFormatting":{"dynamicRegistration":true},"rename":{"dynamicRegistration":true,"prepareSupport":true,"prepareSupportDefaultBehavior":1,"honorsChangeAnnotations":true},"documentLink":{"dynamicRegistration":true,"tooltipSupport":true},"typeDefinition":{"dynamicRegistration":true,"linkSupport":true},"implementation":{"dynamicRegistration":true,"linkSupport":true},"colorProvider":{"dynamicRegistration":true},"foldingRange":{"dynamicRegistration":true,"rangeLimit":5000,"lineFoldingOnly":true},"declaration":{"dynamicRegistration":true,"linkSupport":true},"selectionRange":{"dynamicRegistration":true},"callHierarchy":{"dynamicRegistration":true},"semanticTokens":{"dynamicRegistration":true,"tokenTypes":["namespace","type","class","enum","interface","struct","typeParameter","parameter","variable","property","enumMember","event","function","method","macro","keyword","modifier","comment","string","number","regexp","operator"],"tokenModifiers":["declaration","definition","readonly","static","deprecated","abstract","async","modification","documentation","defaultLibrary"],"formats":["relative"],"requests":{"range":true,"full":{"delta":true}},"multilineTokenSupport":false,"overlappingTokenSupport":false},"linkedEditingRange":{"dynamicRegistration":true}},"window":{"showMessage":{"messageActionItem":{"additionalPropertiesSupport":true}},"showDocument":{"support":true},"workDoneProgress":true},"general":{"regularExpressions":{"engine":"ECMAScript","version":"ES2020"},"markdown":{"parser":"marked","version":"1.1.0"}}},"trace":"off","workspaceFolders":[{"uri":"file:///d%3A/Projects/VsCodeProjects/TEst","name":"TEst"}]}}')
DEBUG:pygls.protocol:Request message received.
INFO:pygls.protocol:Language server initialized work_done_token=None process_id=15712 root_uri='file:///d%3A/Projects/VsCodeProjects/TEst' capabilities=ClientCapabilities(workspace=WorkspaceClientCapabilities(apply_edit=True, workspace_edit=WorkspaceEditClientCapabilities(document_changes=True, resource_operations=[<ResourceOperationKind.Create: 'create'>, <ResourceOperationKind.Rename: 'rename'>, <ResourceOperationKind.Delete: 'delete'>], failure_handling=<FailureHandlingKind.TextOnlyTransactional: 'textOnlyTransactional'>, normalizes_line_endings=True, change_annotation_support=ChangeAnnotationSupport(groups_on_label=True)), did_change_configuration=DidChangeConfigurationClientCapabilities(dynamic_registration=True), did_change_watched_files=DidChangeWatchedFilesClientCapabilities(dynamic_registration=True), symbol=WorkspaceSymbolClientCapabilities(dynamic_registration=True, symbol_kind=WorkspaceCapabilitiesSymbolKind(value_set=[<SymbolKind.File: 1>, <SymbolKind.Module: 2>, <SymbolKind.Namespace: 3>, <SymbolKind.Package: 4>, <SymbolKind.Class: 5>, <SymbolKind.Method: 6>, <SymbolKind.Property: 7>, <SymbolKind.Field: 8>, <SymbolKind.Constructor: 9>, <SymbolKind.Enum: 10>, <SymbolKind.Interface: 11>, <SymbolKind.Function: 12>, <SymbolKind.Variable: 13>, <SymbolKind.Constant: 14>, <SymbolKind.String: 15>, <SymbolKind.Number: 16>, <SymbolKind.Boolean: 17>, <SymbolKind.Array: 18>, <SymbolKind.Object: 19>, <SymbolKind.Key: 20>, <SymbolKind.Null: 21>, <SymbolKind.EnumMember: 22>, <SymbolKind.Struct: 23>, <SymbolKind.Event: 24>, <SymbolKind.Operator: 25>, <SymbolKind.TypeParameter: 26>]), tag_support=WorkspaceCapabilitiesTagSupport(value_set=[<SymbolKind.File: 1>])), execute_command=ExecuteCommandClientCapabilities(dynamic_registration=True), workspace_folders=True, configuration=True, semantic_tokens=SemanticTokensWorkspaceClientCapabilities(refresh_support=True), code_lens=CodeLensWorkspaceClientCapabilities(refresh_support=True), file_operations=FileOperationsClientCapabilities(dynamic_registration=True, did_create=True, will_create=True, did_rename=True, will_rename=True, did_delete=True, will_delete=True)), text_document=TextDocumentClientCapabilities(synchronization=TextDocumentSyncClientCapabilities(dynamic_registration=True, will_save=True, will_save_wait_until=True, did_save=True), completion=CompletionClientCapabilities(dynamic_registration=True, completion_item=CompletionItemClientCapabilities(snippet_support=True, commit_characters_support=True, documentation_format=[<MarkupKind.Markdown: 'markdown'>, <MarkupKind.PlainText: 'plaintext'>], deprecated_support=True, preselect_support=True, tag_support=CompletionTagSupportClientCapabilities(value_set=[<CompletionItemTag.Deprecated: 1>]), insert_replace_support=True, resolve_support=ResolveSupportClientCapabilities(properties=['documentation', 'detail', 'additionalTextEdits']), insert_text_mode_support=InsertTextModeSupportClientCapabilities(value_set=[<InsertTextMode.AsIs: 1>, <InsertTextMode.AdjustIndentation: 2>])), completion_item_kind=CompletionItemKindClientCapabilities(value_set=[<CompletionItemKind.Text: 1>, <CompletionItemKind.Method: 2>, <CompletionItemKind.Function: 3>, <CompletionItemKind.Constructor: 4>, <CompletionItemKind.Field: 5>, <CompletionItemKind.Variable: 6>, <CompletionItemKind.Class: 7>, <CompletionItemKind.Interface: 8>, <CompletionItemKind.Module: 9>, <CompletionItemKind.Property: 10>, <CompletionItemKind.Unit: 11>, <CompletionItemKind.Value: 12>, <CompletionItemKind.Enum: 13>, <CompletionItemKind.Keyword: 14>, <CompletionItemKind.Snippet: 15>, <CompletionItemKind.Color: 16>, <CompletionItemKind.File: 17>, <CompletionItemKind.Reference: 18>, <CompletionItemKind.Folder: 19>, <CompletionItemKind.EnumMember: 20>, <CompletionItemKind.Constant: 21>, <CompletionItemKind.Struct: 22>, <CompletionItemKind.Event: 23>, <CompletionItemKind.Operator: 24>, <CompletionItemKind.TypeParameter: 25>]), context_support=True), hover=HoverClientCapabilities(dynamic_registration=True, content_format=[<MarkupKind.Markdown: 'markdown'>, <MarkupKind.PlainText: 'plaintext'>]), signature_help=SignatureHelpClientCapabilities(dynamic_registration=True, signature_information=SignatureHelpInformationClientCapabilities(documentation_format=[<MarkupKind.Markdown: 'markdown'>, <MarkupKind.PlainText: 'plaintext'>], parameter_information=SignatureHelpInformationParameterInformationClientCapabilities(label_offset_support=True), active_parameter_support=True), context_support=True), declaration=DeclarationClientCapabilities(dynamic_registration=True, link_support=True), definition=DefinitionClientCapabilities(dynamic_registration=True, link_support=True), type_definition=TypeDefinitionClientCapabilities(dynamic_registration=True, link_support=True), implementation=ImplementationClientCapabilities(dynamic_registration=True, link_support=True), references=ReferenceClientCapabilities(dynamic_registration=True), document_highlight=DocumentHighlightClientCapabilities(dynamic_registration=True), document_symbol=DocumentSymbolClientCapabilities(dynamic_registration=True, symbol_kind=WorkspaceCapabilitiesSymbolKind(value_set=[<SymbolKind.File: 1>, <SymbolKind.Module: 2>, <SymbolKind.Namespace: 3>, <SymbolKind.Package: 4>, <SymbolKind.Class: 5>, <SymbolKind.Method: 6>, <SymbolKind.Property: 7>, <SymbolKind.Field: 8>, <SymbolKind.Constructor: 9>, <SymbolKind.Enum: 10>, <SymbolKind.Interface: 11>, <SymbolKind.Function: 12>, <SymbolKind.Variable: 13>, <SymbolKind.Constant: 14>, <SymbolKind.String: 15>, <SymbolKind.Number: 16>, <SymbolKind.Boolean: 17>, <SymbolKind.Array: 18>, <SymbolKind.Object: 19>, <SymbolKind.Key: 20>, <SymbolKind.Null: 21>, <SymbolKind.EnumMember: 22>, <SymbolKind.Struct: 23>, <SymbolKind.Event: 24>, <SymbolKind.Operator: 25>, <SymbolKind.TypeParameter: 26>]), hierarchical_document_symbol_support=True, tag_support=WorkspaceCapabilitiesTagSupport(value_set=[<SymbolKind.File: 1>]), label_support=True), code_action=CodeActionClientCapabilities(dynamic_registration=True, code_action_literal_support=CodeActionLiteralSupportClientCapabilities(code_action_kind=CodeActionLiteralSupportActionKindClientCapabilities(value_set=['', 'quickfix', 'refactor', 'refactor.extract', 'refactor.inline', 'refactor.rewrite', 'source', 'source.organizeImports'])), is_preferred_support=True, disabled_support=True, data_support=True, resolve_support=ResolveSupportClientCapabilities(properties=['edit']), honors_change_annotations=False), code_lens=CodeLensClientCapabilities(dynamic_registration=True), document_link=DocumentLinkClientCapabilities(dynamic_registration=True, tooltip_support=True), color_provider=DocumentColorClientCapabilities(dynamic_registration=True), formatting=DocumentFormattingClientCapabilities(dynamic_registration=True), range_formatting=DocumentRangeFormattingClientCapabilities(dynamic_registration=True), on_type_formatting=DocumentOnTypeFormattingClientCapabilities(dynamic_registration=True), rename=RenameClientCapabilities(dynamic_registration=True, prepare_support=True, prepare_support_default_behavior=<PrepareSupportDefaultBehavior.Identifier: 1>, honors_change_annotations=True), publish_diagnostics=PublishDiagnosticsClientCapabilities(related_information=True, tag_support=PublishDiagnosticsTagSupportClientCapabilities(value_set=[<DiagnosticTag.Unnecessary: 1>, <DiagnosticTag.Deprecated: 2>]), version_support=False, code_description_support=True, data_support=True), folding_range=FoldingRangeClientCapabilities(dynamic_registration=True, range_limit=5000, line_folding_only=True), selection_range=SelectionRangeClientCapabilities(dynamic_registration=True), linked_editing_range=LinkedEditingRangeClientCapabilities(dynamic_registration=True), call_hierarchy=CallHierarchyClientCapabilities(dynamic_registration=True), semantic_tokens=SemanticTokensClientCapabilities(requests=SemanticTokensRequests(range=True, full=SemanticTokensRequestsFull(delta=True)), token_types=['namespace', 'type', 'class', 'enum', 'interface', 'struct', 'typeParameter', 'parameter', 'variable', 'property', 'enumMember', 'event', 'function', 'method', 'macro', 'keyword', 'modifier', 'comment', 'string', 'number', 'regexp', 'operator'], token_modifiers=['declaration', 'definition', 'readonly', 'static', 'deprecated', 'abstract', 'async', 'modification', 'documentation', 'defaultLibrary'], formats=[<TokenFormat.Relative: 'relative'>], overlapping_token_support=False, multiline_token_support=False, dynamic_registration=True), moniker=None), window=WindowClientCapabilities(work_done_progress=True, show_message=ShowMessageRequestClientCapabilities(message_action_item=ShowMessageRequestActionItem(additional_properties_support=True)), show_document=ShowDocumentClientCapabilities(support=True)), general=GeneralClientCapabilities(regular_expressions=RegularExpressionsClientCapabilities(engine='ECMAScript', version='ES2020'), markdown=MarkdownClientCapabilities(parser='marked', version='1.1.0')), experimental=None) client_info=ClientInfo(name='Visual Studio Code', version='1.74.1') locale='en-us' root_path='d:\\Projects\\VsCodeProjects\\TEst' initialization_options=None trace=<Trace.Off: 'off'> workspace_folders=[WorkspaceFolder(uri='file:///d%3A/Projects/VsCodeProjects/TEst', name='TEst')]
DEBUG:pygls.protocol:Server capabilities: {'text_document_sync': {'open_close': True, 'change': <TextDocumentSyncKind.INCREMENTAL: 2>, 'will_save': False, 'will_save_wait_until': False, 'save': False}, 'completion_provider': {'work_done_progress': None, 'trigger_characters': None, 'all_commit_characters': None, 'resolve_provider': None}, 'hover_provider': None, 'signature_help_provider': None, 'declaration_provider': None, 'definition_provider': None, 'type_definition_provider': None, 'implementation_provider': None, 'references_provider': None, 'document_highlight_provider': None, 'document_symbol_provider': None, 'code_action_provider': None, 'code_lens_provider': None, 'document_link_provider': None, 'color_provider': None, 'document_formatting_provider': None, 'document_range_formatting_provider': None, 'document_on_type_formatting_provider': None, 'rename_provider': None, 'folding_range_provider': None, 'execute_command_provider': {'work_done_progress': None, 'commands': ['runPyduino', 'stopPyduino', 'progress', 'registerCompletions', 'showConfigurationAsync', 'showConfigurationCallback', 'showConfigurationThread', 'unregisterCompletions']}, 'selection_range_provider': None, 'linked_editing_range_provider': None, 'call_hierarchy_provider': None, 'semantic_tokens_provider': {'work_done_progress': None, 'legend': {'token_types': ['operator'], 'token_modifiers': []}, 'range': None, 'full': True}, 'moniker_provider': None, 'workspace_symbol_provider': None, 'workspace': {'workspace_folders': {'supported': True, 'change_notifications': True}, 'file_operations': {'did_create': None, 'will_create': None, 'did_rename': None, 'will_rename': None, 'did_delete': None, 'will_delete': None}}, 'experimental': None}
INFO:pygls.protocol:Sending data: {"jsonrpc": "2.0", "id": 0, "result": {"capabilities": {"textDocumentSync": {"openClose": true, "change": 2, "willSave": false, "willSaveWaitUntil": false, "save": false}, "completionProvider": {}, "executeCommandProvider": {"commands": ["runPyduino", "stopPyduino", "progress", "registerCompletions", "showConfigurationAsync", "showConfigurationCallback", "showConfigurationThread", "unregisterCompletions"]}, "semanticTokensProvider": {"legend": {"tokenTypes": ["operator"], "tokenModifiers": []}, "range": null, "full": true}, "workspace": {"workspaceFolders": {"supported": true, "changeNotifications": true}, "fileOperations": {}}}, "serverInfo": {"name": "pygls-pyduino-example", "version": "v0.1"}}}
DEBUG:pygls.protocol:Received bytearray(b'Content-Length: 52\r\n\r\n')
DEBUG:pygls.protocol:Received bytearray(b'{"jsonrpc":"2.0","method":"initialized","params":{}}')
DEBUG:pygls.protocol:Notification message received.
DEBUG:pygls.protocol:Received bytearray(b'Content-Length: 261\r\n\r\n{"jsonrpc":"2.0","method":"textDocument/didOpen","params":{"textDocument":{"uri":"file:///d%3A/Projects/VsCodeProjects/TEst/tes.pino","languageId":"pyduino","version":1,"text":"#main\\r\\nint[] d = [1 , 2 , 22 2]\\r\\n# test commet\\r\\nprint(d)\\r\\n\\r\\n#board\\r\\n"}}}')
DEBUG:pygls.protocol:Notification message received.
DEBUG:pygls.protocol:Sending notification: "window/showMessage" type=<MessageType.Info: 3> message='Text Document Did Open'
INFO:pygls.protocol:Sending data: {"jsonrpc": "2.0", "method": "window/showMessage", "params": {"type": 3, "message": "Text Document Did Open"}}
DEBUG:pygls.protocol:Sending notification: "textDocument/publishDiagnostics" uri='file:///d%3A/Projects/VsCodeProjects/TEst/tes.pino' diagnostics=[] version=None
INFO:pygls.protocol:Sending data: {"jsonrpc": "2.0", "method": "textDocument/publishDiagnostics", "params": {"uri": "file:///d%3A/Projects/VsCodeProjects/TEst/tes.pino", "diagnostics": []}}
DEBUG:pygls.protocol:Received bytearray(b'Content-Length: 275\r\n\r\n')
DEBUG:pygls.protocol:Received bytearray(b'{"jsonrpc":"2.0","method":"textDocument/didChange","params":{"textDocument":{"uri":"file:///d%3A/Projects/VsCodeProjects/TEst/tes.pino","version":2},"contentChanges":[{"range":{"start":{"line":0,"character":5},"end":{"line":0,"character":5}},"rangeLength":0,"text":"\\r\\n"}]}}')
DEBUG:pygls.protocol:Notification message received.
DEBUG:pygls.protocol:Sending notification: "textDocument/publishDiagnostics" uri='file:///d%3A/Projects/VsCodeProjects/TEst/tes.pino' diagnostics=[] version=None
INFO:pygls.protocol:Sending data: {"jsonrpc": "2.0", "method": "textDocument/publishDiagnostics", "params": {"uri": "file:///d%3A/Projects/VsCodeProjects/TEst/tes.pino", "diagnostics": []}}
DEBUG:pygls.protocol:Received bytearray(b'Content-Length: 272\r\n\r\n')
DEBUG:pygls.protocol:Received bytearray(b'{"jsonrpc":"2.0","method":"textDocument/didChange","params":{"textDocument":{"uri":"file:///d%3A/Projects/VsCodeProjects/TEst/tes.pino","version":3},"contentChanges":[{"range":{"start":{"line":0,"character":2},"end":{"line":0,"character":2}},"rangeLength":0,"text":" "}]}}')
DEBUG:pygls.protocol:Notification message received.
DEBUG:pygls.protocol:Sending notification: "textDocument/publishDiagnostics" uri='file:///d%3A/Projects/VsCodeProjects/TEst/tes.pino' diagnostics=[] version=None
INFO:pygls.protocol:Sending data: {"jsonrpc": "2.0", "method": "textDocument/publishDiagnostics", "params": {"uri": "file:///d%3A/Projects/VsCodeProjects/TEst/tes.pino", "diagnostics": []}}
DEBUG:pygls.protocol:Received bytearray(b'Content-Length: 272\r\n\r\n')
DEBUG:pygls.protocol:Received bytearray(b'{"jsonrpc":"2.0","method":"textDocument/didChange","params":{"textDocument":{"uri":"file:///d%3A/Projects/VsCodeProjects/TEst/tes.pino","version":4},"contentChanges":[{"range":{"start":{"line":0,"character":2},"end":{"line":0,"character":2}},"rangeLength":0,"text":" "}]}}')
DEBUG:pygls.protocol:Notification message received.
DEBUG:pygls.protocol:Sending notification: "textDocument/publishDiagnostics" uri='file:///d%3A/Projects/VsCodeProjects/TEst/tes.pino' diagnostics=[] version=None
INFO:pygls.protocol:Sending data: {"jsonrpc": "2.0", "method": "textDocument/publishDiagnostics", "params": {"uri": "file:///d%3A/Projects/VsCodeProjects/TEst/tes.pino", "diagnostics": []}}
DEBUG:pygls.protocol:Received bytearray(b'Content-Length: 271\r\n\r\n')
DEBUG:pygls.protocol:Received bytearray(b'{"jsonrpc":"2.0","method":"textDocument/didChange","params":{"textDocument":{"uri":"file:///d%3A/Projects/VsCodeProjects/TEst/tes.pino","version":5},"contentChanges":[{"range":{"start":{"line":0,"character":2},"end":{"line":0,"character":3}},"rangeLength":1,"text":""}]}}')
DEBUG:pygls.protocol:Notification message received.
DEBUG:pygls.protocol:Sending notification: "textDocument/publishDiagnostics" uri='file:///d%3A/Projects/VsCodeProjects/TEst/tes.pino' diagnostics=[] version=None
INFO:pygls.protocol:Sending data: {"jsonrpc": "2.0", "method": "textDocument/publishDiagnostics", "params": {"uri": "file:///d%3A/Projects/VsCodeProjects/TEst/tes.pino", "diagnostics": []}}
DEBUG:pygls.protocol:Received bytearray(b'Content-Length: 271\r\n\r\n')
DEBUG:pygls.protocol:Received bytearray(b'{"jsonrpc":"2.0","method":"textDocument/didChange","params":{"textDocument":{"uri":"file:///d%3A/Projects/VsCodeProjects/TEst/tes.pino","version":6},"contentChanges":[{"range":{"start":{"line":0,"character":2},"end":{"line":0,"character":3}},"rangeLength":1,"text":""}]}}')
DEBUG:pygls.protocol:Notification message received.
DEBUG:pygls.protocol:Sending notification: "textDocument/publishDiagnostics" uri='file:///d%3A/Projects/VsCodeProjects/TEst/tes.pino' diagnostics=[] version=None
INFO:pygls.protocol:Sending data: {"jsonrpc": "2.0", "method": "textDocument/publishDiagnostics", "params": {"uri": "file:///d%3A/Projects/VsCodeProjects/TEst/tes.pino", "diagnostics": []}}
DEBUG:pygls.protocol:Received bytearray(b'Content-Length: 272\r\n\r\n')
DEBUG:pygls.protocol:Received bytearray(b'{"jsonrpc":"2.0","method":"textDocument/didChange","params":{"textDocument":{"uri":"file:///d%3A/Projects/VsCodeProjects/TEst/tes.pino","version":7},"contentChanges":[{"range":{"start":{"line":0,"character":5},"end":{"line":0,"character":5}},"rangeLength":0,"text":" "}]}}')
DEBUG:pygls.protocol:Notification message received.
DEBUG:pygls.protocol:Sending notification: "textDocument/publishDiagnostics" uri='file:///d%3A/Projects/VsCodeProjects/TEst/tes.pino' diagnostics=[] version=None
INFO:pygls.protocol:Sending data: {"jsonrpc": "2.0", "method": "textDocument/publishDiagnostics", "params": {"uri": "file:///d%3A/Projects/VsCodeProjects/TEst/tes.pino", "diagnostics": []}}
DEBUG:pygls.protocol:Received bytearray(b'Content-Length: 272\r\n\r\n')
DEBUG:pygls.protocol:Received bytearray(b'{"jsonrpc":"2.0","method":"textDocument/didChange","params":{"textDocument":{"uri":"file:///d%3A/Projects/VsCodeProjects/TEst/tes.pino","version":8},"contentChanges":[{"range":{"start":{"line":0,"character":1},"end":{"line":0,"character":1}},"rangeLength":0,"text":" "}]}}')
DEBUG:pygls.protocol:Notification message received.
DEBUG:pygls.protocol:Sending notification: "textDocument/publishDiagnostics" uri='file:///d%3A/Projects/VsCodeProjects/TEst/tes.pino' diagnostics=[] version=None
INFO:pygls.protocol:Sending data: {"jsonrpc": "2.0", "method": "textDocument/publishDiagnostics", "params": {"uri": "file:///d%3A/Projects/VsCodeProjects/TEst/tes.pino", "diagnostics": []}}
DEBUG:pygls.protocol:Received bytearray(b'Content-Length: 271\r\n\r\n')
DEBUG:pygls.protocol:Received bytearray(b'{"jsonrpc":"2.0","method":"textDocument/didChange","params":{"textDocument":{"uri":"file:///d%3A/Projects/VsCodeProjects/TEst/tes.pino","version":9},"contentChanges":[{"range":{"start":{"line":0,"character":1},"end":{"line":0,"character":2}},"rangeLength":1,"text":""}]}}')
DEBUG:pygls.protocol:Notification message received.
DEBUG:pygls.protocol:Sending notification: "textDocument/publishDiagnostics" uri='file:///d%3A/Projects/VsCodeProjects/TEst/tes.pino' diagnostics=[] version=None
INFO:pygls.protocol:Sending data: {"jsonrpc": "2.0", "method": "textDocument/publishDiagnostics", "params": {"uri": "file:///d%3A/Projects/VsCodeProjects/TEst/tes.pino", "diagnostics": []}}
DEBUG:pygls.protocol:Received bytearray(b'Content-Length: 109\r\n\r\n')
DEBUG:pygls.protocol:Received bytearray(b'{"jsonrpc":"2.0","id":1,"method":"workspace/executeCommand","params":{"command":"runPyduino","arguments":[]}}')
DEBUG:pygls.protocol:Request message received.
INFO:pygls.protocol:Sending data: {"jsonrpc": "2.0", "id": 1, "result": null}
DEBUG:pygls.protocol:Received bytearray(b'Content-Length: 273\r\n\r\n')
DEBUG:pygls.protocol:Received bytearray(b'{"jsonrpc":"2.0","method":"textDocument/didChange","params":{"textDocument":{"uri":"file:///d%3A/Projects/VsCodeProjects/TEst/tes.pino","version":10},"contentChanges":[{"range":{"start":{"line":7,"character":0},"end":{"line":7,"character":0}},"rangeLength":0,"text":"a"}]}}')
DEBUG:pygls.protocol:Notification message received.
DEBUG:pygls.protocol:Sending notification: "textDocument/publishDiagnostics" uri='file:///d%3A/Projects/VsCodeProjects/TEst/tes.pino' diagnostics=[Diagnostic(range=7:0-7:1, message="Unknown instruction 'a'", severity=None, code=None, code_description=None, source='Pyduino Languge server', related_information=None, tags=None, data=None)] version=None
INFO:pygls.protocol:Sending data: {"jsonrpc": "2.0", "method": "textDocument/publishDiagnostics", "params": {"uri": "file:///d%3A/Projects/VsCodeProjects/TEst/tes.pino", "diagnostics": [{"range": {"start": {"line": 7, "character": 0}, "end": {"line": 7, "character": 1}}, "message": "Unknown instruction 'a'", "source": "Pyduino Languge server"}]}}
DEBUG:pygls.protocol:Received bytearray(b'Content-Length: 210\r\n\r\n')
DEBUG:pygls.protocol:Received bytearray(b'{"jsonrpc":"2.0","id":2,"method":"textDocument/completion","params":{"textDocument":{"uri":"file:///d%3A/Projects/VsCodeProjects/TEst/tes.pino"},"position":{"line":7,"character":1},"context":{"triggerKind":1}}}')
DEBUG:pygls.protocol:Request message received.
INFO:pygls.protocol:Sending data: {"jsonrpc": "2.0", "id": 2, "result": {"isIncomplete": false, "items": [{"label": "\""}, {"label": "["}, {"label": "]"}, {"label": "{"}, {"label": "}"}]}}
DEBUG:pygls.protocol:Received bytearray(b'Content-Length: 273\r\n\r\n')
DEBUG:pygls.protocol:Received bytearray(b'{"jsonrpc":"2.0","method":"textDocument/didChange","params":{"textDocument":{"uri":"file:///d%3A/Projects/VsCodeProjects/TEst/tes.pino","version":11},"contentChanges":[{"range":{"start":{"line":7,"character":1},"end":{"line":7,"character":1}},"rangeLength":0,"text":"n"}]}}')
DEBUG:pygls.protocol:Notification message received.
DEBUG:pygls.protocol:Sending notification: "textDocument/publishDiagnostics" uri='file:///d%3A/Projects/VsCodeProjects/TEst/tes.pino' diagnostics=[Diagnostic(range=7:0-7:2, message="Unknown instruction 'an'", severity=None, code=None, code_description=None, source='Pyduino Languge server', related_information=None, tags=None, data=None)] version=None
INFO:pygls.protocol:Sending data: {"jsonrpc": "2.0", "method": "textDocument/publishDiagnostics", "params": {"uri": "file:///d%3A/Projects/VsCodeProjects/TEst/tes.pino", "diagnostics": [{"range": {"start": {"line": 7, "character": 0}, "end": {"line": 7, "character": 2}}, "message": "Unknown instruction 'an'", "source": "Pyduino Languge server"}]}}
DEBUG:pygls.protocol:Received bytearray(b'Content-Length: 210\r\n\r\n')
DEBUG:pygls.protocol:Received bytearray(b'{"jsonrpc":"2.0","id":3,"method":"textDocument/completion","params":{"textDocument":{"uri":"file:///d%3A/Projects/VsCodeProjects/TEst/tes.pino"},"position":{"line":7,"character":2},"context":{"triggerKind":1}}}')
DEBUG:pygls.protocol:Request message received.
INFO:pygls.protocol:Sending data: {"jsonrpc": "2.0", "id": 3, "result": {"isIncomplete": false, "items": [{"label": "\""}, {"label": "["}, {"label": "]"}, {"label": "{"}, {"label": "}"}]}}
DEBUG:pygls.protocol:Received bytearray(b'Content-Length: 273\r\n\r\n')
DEBUG:pygls.protocol:Received bytearray(b'{"jsonrpc":"2.0","method":"textDocument/didChange","params":{"textDocument":{"uri":"file:///d%3A/Projects/VsCodeProjects/TEst/tes.pino","version":12},"contentChanges":[{"range":{"start":{"line":7,"character":2},"end":{"line":7,"character":2}},"rangeLength":0,"text":"a"}]}}')
DEBUG:pygls.protocol:Notification message received.
DEBUG:pygls.protocol:Sending notification: "textDocument/publishDiagnostics" uri='file:///d%3A/Projects/VsCodeProjects/TEst/tes.pino' diagnostics=[Diagnostic(range=7:0-7:3, message="Unknown instruction 'ana'", severity=None, code=None, code_description=None, source='Pyduino Languge server', related_information=None, tags=None, data=None)] version=None
INFO:pygls.protocol:Sending data: {"jsonrpc": "2.0", "method": "textDocument/publishDiagnostics", "params": {"uri": "file:///d%3A/Projects/VsCodeProjects/TEst/tes.pino", "diagnostics": [{"range": {"start": {"line": 7, "character": 0}, "end": {"line": 7, "character": 3}}, "message": "Unknown instruction 'ana'", "source": "Pyduino Languge server"}]}}
DEBUG:pygls.protocol:Received bytearray(b'Content-Length: 210\r\n\r\n')
DEBUG:pygls.protocol:Received bytearray(b'{"jsonrpc":"2.0","id":4,"method":"textDocument/completion","params":{"textDocument":{"uri":"file:///d%3A/Projects/VsCodeProjects/TEst/tes.pino"},"position":{"line":7,"character":3},"context":{"triggerKind":1}}}')
DEBUG:pygls.protocol:Request message received.
INFO:pygls.protocol:Sending data: {"jsonrpc": "2.0", "id": 4, "result": {"isIncomplete": false, "items": [{"label": "\""}, {"label": "["}, {"label": "]"}, {"label": "{"}, {"label": "}"}]}}
DEBUG:pygls.protocol:Received bytearray(b'Content-Length: 273\r\n\r\n')
DEBUG:pygls.protocol:Received bytearray(b'{"jsonrpc":"2.0","method":"textDocument/didChange","params":{"textDocument":{"uri":"file:///d%3A/Projects/VsCodeProjects/TEst/tes.pino","version":13},"contentChanges":[{"range":{"start":{"line":7,"character":3},"end":{"line":7,"character":3}},"rangeLength":0,"text":"l"}]}}')
DEBUG:pygls.protocol:Notification message received.
DEBUG:pygls.protocol:Sending notification: "textDocument/publishDiagnostics" uri='file:///d%3A/Projects/VsCodeProjects/TEst/tes.pino' diagnostics=[Diagnostic(range=7:0-7:4, message="Unknown instruction 'anal'", severity=None, code=None, code_description=None, source='Pyduino Languge server', related_information=None, tags=None, data=None)] version=None
INFO:pygls.protocol:Sending data: {"jsonrpc": "2.0", "method": "textDocument/publishDiagnostics", "params": {"uri": "file:///d%3A/Projects/VsCodeProjects/TEst/tes.pino", "diagnostics": [{"range": {"start": {"line": 7, "character": 0}, "end": {"line": 7, "character": 4}}, "message": "Unknown instruction 'anal'", "source": "Pyduino Languge server"}]}}
DEBUG:pygls.protocol:Received bytearray(b'Content-Length: 210\r\n\r\n')
DEBUG:pygls.protocol:Received bytearray(b'{"jsonrpc":"2.0","id":5,"method":"textDocument/completion","params":{"textDocument":{"uri":"file:///d%3A/Projects/VsCodeProjects/TEst/tes.pino"},"position":{"line":7,"character":4},"context":{"triggerKind":1}}}')
DEBUG:pygls.protocol:Request message received.
INFO:pygls.protocol:Sending data: {"jsonrpc": "2.0", "id": 5, "result": {"isIncomplete": false, "items": [{"label": "\""}, {"label": "["}, {"label": "]"}, {"label": "{"}, {"label": "}"}]}}
DEBUG:pygls.protocol:Received bytearray(b'Content-Length: 273\r\n\r\n')
DEBUG:pygls.protocol:Received bytearray(b'{"jsonrpc":"2.0","method":"textDocument/didChange","params":{"textDocument":{"uri":"file:///d%3A/Projects/VsCodeProjects/TEst/tes.pino","version":14},"contentChanges":[{"range":{"start":{"line":7,"character":4},"end":{"line":7,"character":4}},"rangeLength":0,"text":"o"}]}}')
DEBUG:pygls.protocol:Notification message received.
DEBUG:pygls.protocol:Sending notification: "textDocument/publishDiagnostics" uri='file:///d%3A/Projects/VsCodeProjects/TEst/tes.pino' diagnostics=[Diagnostic(range=7:0-7:5, message="Unknown instruction 'analo'", severity=None, code=None, code_description=None, source='Pyduino Languge server', related_information=None, tags=None, data=None)] version=None
INFO:pygls.protocol:Sending data: {"jsonrpc": "2.0", "method": "textDocument/publishDiagnostics", "params": {"uri": "file:///d%3A/Projects/VsCodeProjects/TEst/tes.pino", "diagnostics": [{"range": {"start": {"line": 7, "character": 0}, "end": {"line": 7, "character": 5}}, "message": "Unknown instruction 'analo'", "source": "Pyduino Languge server"}]}}
DEBUG:pygls.protocol:Received bytearray(b'Content-Length: 210\r\n\r\n')
DEBUG:pygls.protocol:Received bytearray(b'{"jsonrpc":"2.0","id":6,"method":"textDocument/completion","params":{"textDocument":{"uri":"file:///d%3A/Projects/VsCodeProjects/TEst/tes.pino"},"position":{"line":7,"character":5},"context":{"triggerKind":1}}}')
DEBUG:pygls.protocol:Request message received.
INFO:pygls.protocol:Sending data: {"jsonrpc": "2.0", "id": 6, "result": {"isIncomplete": false, "items": [{"label": "\""}, {"label": "["}, {"label": "]"}, {"label": "{"}, {"label": "}"}]}}
DEBUG:pygls.protocol:Received bytearray(b'Content-Length: 273\r\n\r\n')
DEBUG:pygls.protocol:Received bytearray(b'{"jsonrpc":"2.0","method":"textDocument/didChange","params":{"textDocument":{"uri":"file:///d%3A/Projects/VsCodeProjects/TEst/tes.pino","version":15},"contentChanges":[{"range":{"start":{"line":7,"character":5},"end":{"line":7,"character":5}},"rangeLength":0,"text":"g"}]}}')
DEBUG:pygls.protocol:Notification message received.
DEBUG:pygls.protocol:Sending notification: "textDocument/publishDiagnostics" uri='file:///d%3A/Projects/VsCodeProjects/TEst/tes.pino' diagnostics=[Diagnostic(range=7:0-7:6, message="Unknown instruction 'analog'", severity=None, code=None, code_description=None, source='Pyduino Languge server', related_information=None, tags=None, data=None)] version=None
INFO:pygls.protocol:Sending data: {"jsonrpc": "2.0", "method": "textDocument/publishDiagnostics", "params": {"uri": "file:///d%3A/Projects/VsCodeProjects/TEst/tes.pino", "diagnostics": [{"range": {"start": {"line": 7, "character": 0}, "end": {"line": 7, "character": 6}}, "message": "Unknown instruction 'analog'", "source": "Pyduino Languge server"}]}}
DEBUG:pygls.protocol:Received bytearray(b'Content-Length: 210\r\n\r\n')
DEBUG:pygls.protocol:Received bytearray(b'{"jsonrpc":"2.0","id":7,"method":"textDocument/completion","params":{"textDocument":{"uri":"file:///d%3A/Projects/VsCodeProjects/TEst/tes.pino"},"position":{"line":7,"character":6},"context":{"triggerKind":1}}}')
DEBUG:pygls.protocol:Request message received.
INFO:pygls.protocol:Sending data: {"jsonrpc": "2.0", "id": 7, "result": {"isIncomplete": false, "items": [{"label": "\""}, {"label": "["}, {"label": "]"}, {"label": "{"}, {"label": "}"}]}}
DEBUG:pygls.protocol:Received bytearray(b'Content-Length: 273\r\n\r\n')
DEBUG:pygls.protocol:Received bytearray(b'{"jsonrpc":"2.0","method":"textDocument/didChange","params":{"textDocument":{"uri":"file:///d%3A/Projects/VsCodeProjects/TEst/tes.pino","version":16},"contentChanges":[{"range":{"start":{"line":7,"character":6},"end":{"line":7,"character":6}},"rangeLength":0,"text":"W"}]}}')
DEBUG:pygls.protocol:Notification message received.
DEBUG:pygls.protocol:Sending notification: "textDocument/publishDiagnostics" uri='file:///d%3A/Projects/VsCodeProjects/TEst/tes.pino' diagnostics=[Diagnostic(range=7:0-7:7, message="Unknown instruction 'analogW'", severity=None, code=None, code_description=None, source='Pyduino Languge server', related_information=None, tags=None, data=None)] version=None
INFO:pygls.protocol:Sending data: {"jsonrpc": "2.0", "method": "textDocument/publishDiagnostics", "params": {"uri": "file:///d%3A/Projects/VsCodeProjects/TEst/tes.pino", "diagnostics": [{"range": {"start": {"line": 7, "character": 0}, "end": {"line": 7, "character": 7}}, "message": "Unknown instruction 'analogW'", "source": "Pyduino Languge server"}]}}
DEBUG:pygls.protocol:Received bytearray(b'Content-Length: 210\r\n\r\n')
DEBUG:pygls.protocol:Received bytearray(b'{"jsonrpc":"2.0","id":8,"method":"textDocument/completion","params":{"textDocument":{"uri":"file:///d%3A/Projects/VsCodeProjects/TEst/tes.pino"},"position":{"line":7,"character":7},"context":{"triggerKind":1}}}')
DEBUG:pygls.protocol:Request message received.
INFO:pygls.protocol:Sending data: {"jsonrpc": "2.0", "id": 8, "result": {"isIncomplete": false, "items": [{"label": "\""}, {"label": "["}, {"label": "]"}, {"label": "{"}, {"label": "}"}]}}
DEBUG:pygls.protocol:Received bytearray(b'Content-Length: 273\r\n\r\n')
DEBUG:pygls.protocol:Received bytearray(b'{"jsonrpc":"2.0","method":"textDocument/didChange","params":{"textDocument":{"uri":"file:///d%3A/Projects/VsCodeProjects/TEst/tes.pino","version":17},"contentChanges":[{"range":{"start":{"line":7,"character":7},"end":{"line":7,"character":7}},"rangeLength":0,"text":"r"}]}}')
DEBUG:pygls.protocol:Notification message received.
DEBUG:pygls.protocol:Sending notification: "textDocument/publishDiagnostics" uri='file:///d%3A/Projects/VsCodeProjects/TEst/tes.pino' diagnostics=[Diagnostic(range=7:0-7:8, message="Unknown instruction 'analogWr'", severity=None, code=None, code_description=None, source='Pyduino Languge server', related_information=None, tags=None, data=None)] version=None
INFO:pygls.protocol:Sending data: {"jsonrpc": "2.0", "method": "textDocument/publishDiagnostics", "params": {"uri": "file:///d%3A/Projects/VsCodeProjects/TEst/tes.pino", "diagnostics": [{"range": {"start": {"line": 7, "character": 0}, "end": {"line": 7, "character": 8}}, "message": "Unknown instruction 'analogWr'", "source": "Pyduino Languge server"}]}}
DEBUG:pygls.protocol:Received bytearray(b'Content-Length: 273\r\n\r\n{"jsonrpc":"2.0","method":"textDocument/didChange","params":{"textDocument":{"uri":"file:///d%3A/Projects/VsCodeProjects/TEst/tes.pino","version":18},"contentChanges":[{"range":{"start":{"line":7,"character":8},"end":{"line":7,"character":8}},"rangeLength":0,"text":"e"}]}}')
DEBUG:pygls.protocol:Notification message received.
DEBUG:pygls.protocol:Sending notification: "textDocument/publishDiagnostics" uri='file:///d%3A/Projects/VsCodeProjects/TEst/tes.pino' diagnostics=[Diagnostic(range=7:0-7:9, message="Unknown instruction 'analogWre'", severity=None, code=None, code_description=None, source='Pyduino Languge server', related_information=None, tags=None, data=None)] version=None
INFO:pygls.protocol:Sending data: {"jsonrpc": "2.0", "method": "textDocument/publishDiagnostics", "params": {"uri": "file:///d%3A/Projects/VsCodeProjects/TEst/tes.pino", "diagnostics": [{"range": {"start": {"line": 7, "character": 0}, "end": {"line": 7, "character": 9}}, "message": "Unknown instruction 'analogWre'", "source": "Pyduino Languge server"}]}}
DEBUG:pygls.protocol:Received bytearray(b'Content-Length: 210\r\n\r\n')
DEBUG:pygls.protocol:Received bytearray(b'{"jsonrpc":"2.0","id":9,"method":"textDocument/completion","params":{"textDocument":{"uri":"file:///d%3A/Projects/VsCodeProjects/TEst/tes.pino"},"position":{"line":7,"character":9},"context":{"triggerKind":1}}}')
DEBUG:pygls.protocol:Request message received.
INFO:pygls.protocol:Sending data: {"jsonrpc": "2.0", "id": 9, "result": {"isIncomplete": false, "items": [{"label": "\""}, {"label": "["}, {"label": "]"}, {"label": "{"}, {"label": "}"}]}}
DEBUG:pygls.protocol:Received bytearray(b'Content-Length: 272\r\n\r\n')
DEBUG:pygls.protocol:Received bytearray(b'{"jsonrpc":"2.0","method":"textDocument/didChange","params":{"textDocument":{"uri":"file:///d%3A/Projects/VsCodeProjects/TEst/tes.pino","version":19},"contentChanges":[{"range":{"start":{"line":7,"character":8},"end":{"line":7,"character":9}},"rangeLength":1,"text":""}]}}')
DEBUG:pygls.protocol:Notification message received.
DEBUG:pygls.protocol:Sending notification: "textDocument/publishDiagnostics" uri='file:///d%3A/Projects/VsCodeProjects/TEst/tes.pino' diagnostics=[Diagnostic(range=7:0-7:8, message="Unknown instruction 'analogWr'", severity=None, code=None, code_description=None, source='Pyduino Languge server', related_information=None, tags=None, data=None)] version=None
INFO:pygls.protocol:Sending data: {"jsonrpc": "2.0", "method": "textDocument/publishDiagnostics", "params": {"uri": "file:///d%3A/Projects/VsCodeProjects/TEst/tes.pino", "diagnostics": [{"range": {"start": {"line": 7, "character": 0}, "end": {"line": 7, "character": 8}}, "message": "Unknown instruction 'analogWr'", "source": "Pyduino Languge server"}]}}
DEBUG:pygls.protocol:Received bytearray(b'Content-Length: 272\r\n\r\n')
DEBUG:pygls.protocol:Received bytearray(b'{"jsonrpc":"2.0","method":"textDocument/didChange","params":{"textDocument":{"uri":"file:///d%3A/Projects/VsCodeProjects/TEst/tes.pino","version":20},"contentChanges":[{"range":{"start":{"line":7,"character":7},"end":{"line":7,"character":8}},"rangeLength":1,"text":""}]}}')
DEBUG:pygls.protocol:Notification message received.
DEBUG:pygls.protocol:Sending notification: "textDocument/publishDiagnostics" uri='file:///d%3A/Projects/VsCodeProjects/TEst/tes.pino' diagnostics=[Diagnostic(range=7:0-7:7, message="Unknown instruction 'analogW'", severity=None, code=None, code_description=None, source='Pyduino Languge server', related_information=None, tags=None, data=None)] version=None
INFO:pygls.protocol:Sending data: {"jsonrpc": "2.0", "method": "textDocument/publishDiagnostics", "params": {"uri": "file:///d%3A/Projects/VsCodeProjects/TEst/tes.pino", "diagnostics": [{"range": {"start": {"line": 7, "character": 0}, "end": {"line": 7, "character": 7}}, "message": "Unknown instruction 'analogW'", "source": "Pyduino Languge server"}]}}
DEBUG:pygls.protocol:Received bytearray(b'Content-Length: 273\r\n\r\n')
DEBUG:pygls.protocol:Received bytearray(b'{"jsonrpc":"2.0","method":"textDocument/didChange","params":{"textDocument":{"uri":"file:///d%3A/Projects/VsCodeProjects/TEst/tes.pino","version":21},"contentChanges":[{"range":{"start":{"line":7,"character":7},"end":{"line":7,"character":7}},"rangeLength":0,"text":"r"}]}}')
DEBUG:pygls.protocol:Notification message received.
DEBUG:pygls.protocol:Sending notification: "textDocument/publishDiagnostics" uri='file:///d%3A/Projects/VsCodeProjects/TEst/tes.pino' diagnostics=[Diagnostic(range=7:0-7:8, message="Unknown instruction 'analogWr'", severity=None, code=None, code_description=None, source='Pyduino Languge server', related_information=None, tags=None, data=None)] version=None
INFO:pygls.protocol:Sending data: {"jsonrpc": "2.0", "method": "textDocument/publishDiagnostics", "params": {"uri": "file:///d%3A/Projects/VsCodeProjects/TEst/tes.pino", "diagnostics": [{"range": {"start": {"line": 7, "character": 0}, "end": {"line": 7, "character": 8}}, "message": "Unknown instruction 'analogWr'", "source": "Pyduino Languge server"}]}}
DEBUG:pygls.protocol:Received bytearray(b'Content-Length: 273\r\n\r\n')
DEBUG:pygls.protocol:Received bytearray(b'{"jsonrpc":"2.0","method":"textDocument/didChange","params":{"textDocument":{"uri":"file:///d%3A/Projects/VsCodeProjects/TEst/tes.pino","version":22},"contentChanges":[{"range":{"start":{"line":7,"character":8},"end":{"line":7,"character":8}},"rangeLength":0,"text":"i"}]}}')
DEBUG:pygls.protocol:Notification message received.
DEBUG:pygls.protocol:Sending notification: "textDocument/publishDiagnostics" uri='file:///d%3A/Projects/VsCodeProjects/TEst/tes.pino' diagnostics=[Diagnostic(range=7:0-7:9, message="Unknown instruction 'analogWri'", severity=None, code=None, code_description=None, source='Pyduino Languge server', related_information=None, tags=None, data=None)] version=None
INFO:pygls.protocol:Sending data: {"jsonrpc": "2.0", "method": "textDocument/publishDiagnostics", "params": {"uri": "file:///d%3A/Projects/VsCodeProjects/TEst/tes.pino", "diagnostics": [{"range": {"start": {"line": 7, "character": 0}, "end": {"line": 7, "character": 9}}, "message": "Unknown instruction 'analogWri'", "source": "Pyduino Languge server"}]}}
DEBUG:pygls.protocol:Received bytearray(b'Content-Length: 273\r\n\r\n')
DEBUG:pygls.protocol:Received bytearray(b'{"jsonrpc":"2.0","method":"textDocument/didChange","params":{"textDocument":{"uri":"file:///d%3A/Projects/VsCodeProjects/TEst/tes.pino","version":23},"contentChanges":[{"range":{"start":{"line":7,"character":9},"end":{"line":7,"character":9}},"rangeLength":0,"text":"t"}]}}')
DEBUG:pygls.protocol:Notification message received.
DEBUG:pygls.protocol:Sending notification: "textDocument/publishDiagnostics" uri='file:///d%3A/Projects/VsCodeProjects/TEst/tes.pino' diagnostics=[Diagnostic(range=7:0-7:10, message="Unknown instruction 'analogWrit'", severity=None, code=None, code_description=None, source='Pyduino Languge server', related_information=None, tags=None, data=None)] version=None
INFO:pygls.protocol:Sending data: {"jsonrpc": "2.0", "method": "textDocument/publishDiagnostics", "params": {"uri": "file:///d%3A/Projects/VsCodeProjects/TEst/tes.pino", "diagnostics": [{"range": {"start": {"line": 7, "character": 0}, "end": {"line": 7, "character": 10}}, "message": "Unknown instruction 'analogWrit'", "source": "Pyduino Languge server"}]}}
DEBUG:pygls.protocol:Received bytearray(b'Content-Length: 275\r\n\r\n')
DEBUG:pygls.protocol:Received bytearray(b'{"jsonrpc":"2.0","method":"textDocument/didChange","params":{"textDocument":{"uri":"file:///d%3A/Projects/VsCodeProjects/TEst/tes.pino","version":24},"contentChanges":[{"range":{"start":{"line":7,"character":10},"end":{"line":7,"character":10}},"rangeLength":0,"text":"e"}]}}')
DEBUG:pygls.protocol:Notification message received.
DEBUG:pygls.protocol:Sending notification: "textDocument/publishDiagnostics" uri='file:///d%3A/Projects/VsCodeProjects/TEst/tes.pino' diagnostics=[Diagnostic(range=7:0-7:11, message="Unknown instruction 'analogWrite'", severity=None, code=None, code_description=None, source='Pyduino Languge server', related_information=None, tags=None, data=None)] version=None
INFO:pygls.protocol:Sending data: {"jsonrpc": "2.0", "method": "textDocument/publishDiagnostics", "params": {"uri": "file:///d%3A/Projects/VsCodeProjects/TEst/tes.pino", "diagnostics": [{"range": {"start": {"line": 7, "character": 0}, "end": {"line": 7, "character": 11}}, "message": "Unknown instruction 'analogWrite'", "source": "Pyduino Languge server"}]}}
DEBUG:pygls.protocol:Received bytearray(b'Content-Length: 276\r\n\r\n')
DEBUG:pygls.protocol:Received bytearray(b'{"jsonrpc":"2.0","method":"textDocument/didChange","params":{"textDocument":{"uri":"file:///d%3A/Projects/VsCodeProjects/TEst/tes.pino","version":25},"contentChanges":[{"range":{"start":{"line":7,"character":11},"end":{"line":7,"character":11}},"rangeLength":0,"text":"()"}]}}')
DEBUG:pygls.protocol:Notification message received.
ERROR:pygls.protocol:Failed to handle user defined notification "textDocument/didChange": (DidChangeTextDocumentParams(text_document=VersionedTextDocumentIdentifier(uri='file:///d%3A/Projects/VsCodeProjects/TEst/tes.pino', version=25), content_changes=[TextDocumentContentChangeEvent(range=7:11-7:11, range_length=0, text='()')]),)
Traceback (most recent call last):
  File "d:\Projects\VsCodeProjects\Pyduino-Plugin\env\lib\site-packages\pygls\protocol.py", line 77, in decorator
    self._execute_notification(user_func, *args, **kwargs)
  File "d:\Projects\VsCodeProjects\Pyduino-Plugin\env\lib\site-packages\pygls\protocol.py", line 223, in _execute_notification
    handler(*params)
  File "D:\Projects\VsCodeProjects\Pyduino-Plugin\server\server.py", line 137, in did_change
    _validate(ls, params)
  File "D:\Projects\VsCodeProjects\Pyduino-Plugin\server\server.py", line 79, in _validate
    diagnostics = _validate_pyduino(ls)
  File "D:\Projects\VsCodeProjects\Pyduino-Plugin\server\server.py", line 93, in _validate_pyduino
    compiler_board.compile()
  File "D:\Projects\VsCodeProjects\Pyduino-Plugin\server\compiler\compiler.py", line 82, in compile
    self.Variables.code_done.append(self.do_line(line))
  File "D:\Projects\VsCodeProjects\Pyduino-Plugin\server\compiler\utils.py", line 123, in do_line
    elif (f := self.check_function_execution(instruction)) is not None:
  File "D:\Projects\VsCodeProjects\Pyduino-Plugin\server\compiler\utils.py", line 160, in check_function_execution
    if (f := self.Builtins.check_builtin(function_name, args, kwargs)) is not None:
  File "D:\Projects\VsCodeProjects\Pyduino-Plugin\server\compiler\builtin_functions.py", line 22, in check_builtin
    return self.do_analog_write(args, kwargs)
  File "D:\Projects\VsCodeProjects\Pyduino-Plugin\server\compiler\builtin_functions.py", line 95, in do_analog_write
    value, dt2 = args[1]
IndexError: list index out of range
DEBUG:pygls.protocol:Received bytearray(b'Content-Length: 275\r\n\r\n')
DEBUG:pygls.protocol:Received bytearray(b'{"jsonrpc":"2.0","method":"textDocument/didChange","params":{"textDocument":{"uri":"file:///d%3A/Projects/VsCodeProjects/TEst/tes.pino","version":26},"contentChanges":[{"range":{"start":{"line":7,"character":12},"end":{"line":7,"character":12}},"rangeLength":0,"text":"1"}]}}')
DEBUG:pygls.protocol:Notification message received.
ERROR:pygls.protocol:Failed to handle user defined notification "textDocument/didChange": (DidChangeTextDocumentParams(text_document=VersionedTextDocumentIdentifier(uri='file:///d%3A/Projects/VsCodeProjects/TEst/tes.pino', version=26), content_changes=[TextDocumentContentChangeEvent(range=7:12-7:12, range_length=0, text='1')]),)
Traceback (most recent call last):
  File "d:\Projects\VsCodeProjects\Pyduino-Plugin\env\lib\site-packages\pygls\protocol.py", line 77, in decorator
    self._execute_notification(user_func, *args, **kwargs)
  File "d:\Projects\VsCodeProjects\Pyduino-Plugin\env\lib\site-packages\pygls\protocol.py", line 223, in _execute_notification
    handler(*params)
  File "D:\Projects\VsCodeProjects\Pyduino-Plugin\server\server.py", line 137, in did_change
    _validate(ls, params)
  File "D:\Projects\VsCodeProjects\Pyduino-Plugin\server\server.py", line 79, in _validate
    diagnostics = _validate_pyduino(ls)
  File "D:\Projects\VsCodeProjects\Pyduino-Plugin\server\server.py", line 93, in _validate_pyduino
    compiler_board.compile()
  File "D:\Projects\VsCodeProjects\Pyduino-Plugin\server\compiler\compiler.py", line 82, in compile
    self.Variables.code_done.append(self.do_line(line))
  File "D:\Projects\VsCodeProjects\Pyduino-Plugin\server\compiler\utils.py", line 123, in do_line
    elif (f := self.check_function_execution(instruction)) is not None:
  File "D:\Projects\VsCodeProjects\Pyduino-Plugin\server\compiler\utils.py", line 160, in check_function_execution
    if (f := self.Builtins.check_builtin(function_name, args, kwargs)) is not None:
  File "D:\Projects\VsCodeProjects\Pyduino-Plugin\server\compiler\builtin_functions.py", line 22, in check_builtin
    return self.do_analog_write(args, kwargs)
  File "D:\Projects\VsCodeProjects\Pyduino-Plugin\server\compiler\builtin_functions.py", line 95, in do_analog_write
    value, dt2 = args[1]
IndexError: list index out of range
DEBUG:pygls.protocol:Received bytearray(b'Content-Length: 275\r\n\r\n')
DEBUG:pygls.protocol:Received bytearray(b'{"jsonrpc":"2.0","method":"textDocument/didChange","params":{"textDocument":{"uri":"file:///d%3A/Projects/VsCodeProjects/TEst/tes.pino","version":27},"contentChanges":[{"range":{"start":{"line":7,"character":13},"end":{"line":7,"character":13}},"rangeLength":0,"text":"1"}]}}')
DEBUG:pygls.protocol:Notification message received.
ERROR:pygls.protocol:Failed to handle user defined notification "textDocument/didChange": (DidChangeTextDocumentParams(text_document=VersionedTextDocumentIdentifier(uri='file:///d%3A/Projects/VsCodeProjects/TEst/tes.pino', version=27), content_changes=[TextDocumentContentChangeEvent(range=7:13-7:13, range_length=0, text='1')]),)
Traceback (most recent call last):
  File "d:\Projects\VsCodeProjects\Pyduino-Plugin\env\lib\site-packages\pygls\protocol.py", line 77, in decorator
    self._execute_notification(user_func, *args, **kwargs)
  File "d:\Projects\VsCodeProjects\Pyduino-Plugin\env\lib\site-packages\pygls\protocol.py", line 223, in _execute_notification
    handler(*params)
  File "D:\Projects\VsCodeProjects\Pyduino-Plugin\server\server.py", line 137, in did_change
    _validate(ls, params)
  File "D:\Projects\VsCodeProjects\Pyduino-Plugin\server\server.py", line 79, in _validate
    diagnostics = _validate_pyduino(ls)
  File "D:\Projects\VsCodeProjects\Pyduino-Plugin\server\server.py", line 93, in _validate_pyduino
    compiler_board.compile()
  File "D:\Projects\VsCodeProjects\Pyduino-Plugin\server\compiler\compiler.py", line 82, in compile
    self.Variables.code_done.append(self.do_line(line))
  File "D:\Projects\VsCodeProjects\Pyduino-Plugin\server\compiler\utils.py", line 123, in do_line
    elif (f := self.check_function_execution(instruction)) is not None:
  File "D:\Projects\VsCodeProjects\Pyduino-Plugin\server\compiler\utils.py", line 160, in check_function_execution
    if (f := self.Builtins.check_builtin(function_name, args, kwargs)) is not None:
  File "D:\Projects\VsCodeProjects\Pyduino-Plugin\server\compiler\builtin_functions.py", line 22, in check_builtin
    return self.do_analog_write(args, kwargs)
  File "D:\Projects\VsCodeProjects\Pyduino-Plugin\server\compiler\builtin_functions.py", line 95, in do_analog_write
    value, dt2 = args[1]
IndexError: list index out of range
DEBUG:pygls.protocol:Received bytearray(b'Content-Length: 275\r\n\r\n')
DEBUG:pygls.protocol:Received bytearray(b'{"jsonrpc":"2.0","method":"textDocument/didChange","params":{"textDocument":{"uri":"file:///d%3A/Projects/VsCodeProjects/TEst/tes.pino","version":28},"contentChanges":[{"range":{"start":{"line":7,"character":14},"end":{"line":7,"character":14}},"rangeLength":0,"text":","}]}}')
DEBUG:pygls.protocol:Notification message received.
DEBUG:pygls.protocol:Sending notification: "textDocument/publishDiagnostics" uri='file:///d%3A/Projects/VsCodeProjects/TEst/tes.pino' diagnostics=[] version=None
INFO:pygls.protocol:Sending data: {"jsonrpc": "2.0", "method": "textDocument/publishDiagnostics", "params": {"uri": "file:///d%3A/Projects/VsCodeProjects/TEst/tes.pino", "diagnostics": []}}
DEBUG:pygls.protocol:Received bytearray(b'Content-Length: 275\r\n\r\n')
DEBUG:pygls.protocol:Received bytearray(b'{"jsonrpc":"2.0","method":"textDocument/didChange","params":{"textDocument":{"uri":"file:///d%3A/Projects/VsCodeProjects/TEst/tes.pino","version":29},"contentChanges":[{"range":{"start":{"line":7,"character":15},"end":{"line":7,"character":15}},"rangeLength":0,"text":"1"}]}}')
DEBUG:pygls.protocol:Notification message received.
DEBUG:pygls.protocol:Sending notification: "textDocument/publishDiagnostics" uri='file:///d%3A/Projects/VsCodeProjects/TEst/tes.pino' diagnostics=[] version=None
INFO:pygls.protocol:Sending data: {"jsonrpc": "2.0", "method": "textDocument/publishDiagnostics", "params": {"uri": "file:///d%3A/Projects/VsCodeProjects/TEst/tes.pino", "diagnostics": []}}
DEBUG:pygls.protocol:Received bytearray(b'Content-Length: 274\r\n\r\n')
DEBUG:pygls.protocol:Received bytearray(b'{"jsonrpc":"2.0","method":"textDocument/didChange","params":{"textDocument":{"uri":"file:///d%3A/Projects/VsCodeProjects/TEst/tes.pino","version":30},"contentChanges":[{"range":{"start":{"line":7,"character":15},"end":{"line":7,"character":16}},"rangeLength":1,"text":""}]}}')
DEBUG:pygls.protocol:Notification message received.
DEBUG:pygls.protocol:Sending notification: "textDocument/publishDiagnostics" uri='file:///d%3A/Projects/VsCodeProjects/TEst/tes.pino' diagnostics=[] version=None
INFO:pygls.protocol:Sending data: {"jsonrpc": "2.0", "method": "textDocument/publishDiagnostics", "params": {"uri": "file:///d%3A/Projects/VsCodeProjects/TEst/tes.pino", "diagnostics": []}}
DEBUG:pygls.protocol:Received bytearray(b'Content-Length: 275\r\n\r\n')
DEBUG:pygls.protocol:Received bytearray(b'{"jsonrpc":"2.0","method":"textDocument/didChange","params":{"textDocument":{"uri":"file:///d%3A/Projects/VsCodeProjects/TEst/tes.pino","version":31},"contentChanges":[{"range":{"start":{"line":7,"character":15},"end":{"line":7,"character":15}},"rangeLength":0,"text":"2"}]}}')
DEBUG:pygls.protocol:Notification message received.
DEBUG:pygls.protocol:Sending notification: "textDocument/publishDiagnostics" uri='file:///d%3A/Projects/VsCodeProjects/TEst/tes.pino' diagnostics=[] version=None
INFO:pygls.protocol:Sending data: {"jsonrpc": "2.0", "method": "textDocument/publishDiagnostics", "params": {"uri": "file:///d%3A/Projects/VsCodeProjects/TEst/tes.pino", "diagnostics": []}}
DEBUG:pygls.protocol:Received bytearray(b'Content-Length: 275\r\n\r\n')
DEBUG:pygls.protocol:Received bytearray(b'{"jsonrpc":"2.0","method":"textDocument/didChange","params":{"textDocument":{"uri":"file:///d%3A/Projects/VsCodeProjects/TEst/tes.pino","version":32},"contentChanges":[{"range":{"start":{"line":7,"character":16},"end":{"line":7,"character":16}},"rangeLength":0,"text":"5"}]}}')
DEBUG:pygls.protocol:Notification message received.
DEBUG:pygls.protocol:Sending notification: "textDocument/publishDiagnostics" uri='file:///d%3A/Projects/VsCodeProjects/TEst/tes.pino' diagnostics=[] version=None
INFO:pygls.protocol:Sending data: {"jsonrpc": "2.0", "method": "textDocument/publishDiagnostics", "params": {"uri": "file:///d%3A/Projects/VsCodeProjects/TEst/tes.pino", "diagnostics": []}}
DEBUG:pygls.protocol:Received bytearray(b'Content-Length: 275\r\n\r\n')
DEBUG:pygls.protocol:Received bytearray(b'{"jsonrpc":"2.0","method":"textDocument/didChange","params":{"textDocument":{"uri":"file:///d%3A/Projects/VsCodeProjects/TEst/tes.pino","version":33},"contentChanges":[{"range":{"start":{"line":7,"character":17},"end":{"line":7,"character":17}},"rangeLength":0,"text":"5"}]}}')
DEBUG:pygls.protocol:Notification message received.
DEBUG:pygls.protocol:Sending notification: "textDocument/publishDiagnostics" uri='file:///d%3A/Projects/VsCodeProjects/TEst/tes.pino' diagnostics=[] version=None
INFO:pygls.protocol:Sending data: {"jsonrpc": "2.0", "method": "textDocument/publishDiagnostics", "params": {"uri": "file:///d%3A/Projects/VsCodeProjects/TEst/tes.pino", "diagnostics": []}}
DEBUG:pygls.protocol:Received bytearray(b'Content-Length: 110\r\n\r\n')
DEBUG:pygls.protocol:Received bytearray(b'{"jsonrpc":"2.0","id":10,"method":"workspace/executeCommand","params":{"command":"runPyduino","arguments":[]}}')
DEBUG:pygls.protocol:Request message received.
INFO:pygls.protocol:Sending data: {"jsonrpc": "2.0", "id": 10, "result": null}
DEBUG:pygls.protocol:Received bytearray(b'Content-Length: 110\r\n\r\n')
DEBUG:pygls.protocol:Received bytearray(b'{"jsonrpc":"2.0","id":11,"method":"workspace/executeCommand","params":{"command":"runPyduino","arguments":[]}}')
DEBUG:pygls.protocol:Request message received.
INFO:pygls.protocol:Sending data: {"jsonrpc": "2.0", "id": 11, "result": null}
